{"stats": {"errors": 0, "failures": 1, "passes": 7, "skipped": 0, "encoding": "UTF-8", "total": 8}, "results": [{"classname": "index_test:TestRegression", "name": "test_attendance", "time": 0.0001976490020751953, "type": "success"}, {"classname": "index_test:TestRegression", "name": "test_attendance_with_friends", "time": 0.00015497207641601562, "type": "success"}, {"classname": "index_test:TestRegression", "name": "test_build_starting_line", "time": 0.001056671142578125, "type": "failure", "errtype": "builtins.AssertionError", "message": "{'b': 10.0, 'm': 1.95} != {'b': 10.0, 'm': 1.725}\n- {'b': 10.0, 'm': 1.95}\n?                    ^\n\n+ {'b': 10.0, 'm': 1.725}\n?                    ^^\n", "tb": "Traceback (most recent call last):\n  File \"/opt/conda/lib/python3.6/unittest/case.py\", line 59, in testPartExecutor\n    yield\n  File \"/opt/conda/lib/python3.6/unittest/case.py\", line 605, in run\n    testMethod()\n  File \"/home/jarty13/single-variable-regression-lab-data-science-intro-000/test/index_test.py\", line 37, in test_build_starting_line\n    self.assertEqual(build_starting_line([0, 200, 400], [10, 400, 700]), {'b': 10.0, 'm': 1.725})\n  File \"/opt/conda/lib/python3.6/unittest/case.py\", line 829, in assertEqual\n    assertion_func(first, second, msg=msg)\n  File \"/opt/conda/lib/python3.6/unittest/case.py\", line 1121, in assertDictEqual\n    self.fail(self._formatMessage(msg, standardMsg))\n  File \"/opt/conda/lib/python3.6/unittest/case.py\", line 670, in fail\n    raise self.failureException(msg)\nAssertionError: {'b': 10.0, 'm': 1.95} != {'b': 10.0, 'm': 1.725}\n- {'b': 10.0, 'm': 1.95}\n?                    ^\n\n+ {'b': 10.0, 'm': 1.725}\n?                    ^^\n\n"}, {"classname": "index_test:TestRegression", "name": "test_expected_value_for_line", "time": 0.00014591217041015625, "type": "success"}, {"classname": "index_test:TestRegression", "name": "test_m_b_data", "time": 9.298324584960938e-05, "type": "success"}, {"classname": "index_test:TestRegression", "name": "test_m_b_trace", "time": 7.081031799316406e-05, "type": "success"}, {"classname": "index_test:TestRegression", "name": "test_marginal_return_on_budget", "time": 6.222724914550781e-05, "type": "success"}, {"classname": "index_test:TestRegression", "name": "test_y_intercept", "time": 9.942054748535156e-05, "type": "success"}]}